Mon Dec 11 14:18:39 -02 2017;lucas.lemos;ON
Mon Dec 11 14:20:43 -02 2017;lucas.lemos;OFF
Mon Dec 11 14:20:55 -02 2017;lucas.lemos;ON
Mon Dec 11 14:21:00 -02 2017;lucas.lemos;OFF
Mon Dec 11 14:21:20 -02 2017;lucas.lemos;ON
Mon Dec 11 14:22:07 -02 2017;lucas.lemos;OFF
Mon Dec 11 14:24:27 -02 2017;lucas.lemos;ON
Seg Dez 11 14:25:36 -02 2017;;OFF
Mon Dec 11 14:27:51 -02 2017;lucas.lemos;ON
Seg Dez 11 14:28:09 -02 2017;lucas.lemos;OFF
Seg Dez 11 14:30:08 -02 2017;;OFF
Mon Dec 11 14:32:43 -02 2017;lucas.lemos;ON
Mon Dec 11 14:33:14 -02 2017;;OFF
Mon Dec 11 14:33:20 -02 2017;;OFF
Mon Dec 11 14:33:32 -02 2017;;OFF
Mon Dec 11 14:37:36 -02 2017;marcos;ON
Mon Dec 11 14:37:40 -02 2017;marcos;ON
Mon Dec 11 14:38:27 -02 2017;marcos;ON
Mon Dec 11 14:40:40 -02 2017;;OFF
Mon Dec 11 14:41:04 -02 2017;;OFF
Mon Dec 11 14:42:40 -02 2017;;OFF
Mon Dec 11 14:43:02 -02 2017;;OFF
Mon Dec 11 14:43:27 -02 2017;;OFF
Mon Dec 11 14:44:21 -02 2017;;OFF
Mon Dec 11 14:44:25 -02 2017;;OFF
Mon Dec 11 14:46:37 -02 2017;;OFF
Mon Dec 11 14:47:57 -02 2017;marcos;OFF
Mon Dec 11 14:48:23 -02 2017;lucas;ON
Mon Dec 11 14:58:48 -02 2017;lucas;OFF
Mon Dec 11 14:59:03 -02 2017;lucas;ON
Mon Dec 11 14:59:30 -02 2017;lucas;ON
Mon Dec 11 14:59:39 -02 2017;marcos;ON
Mon Dec 11 15:00:04 -02 2017;marcos;OFF
Mon Dec 11 15:00:08 -02 2017;pedro;ON
Mon Dec 11 15:00:21 -02 2017;marcos;ON
Mon Dec 11 15:09:11 -02 2017;pedro;OFF
Mon Dec 11 15:09:14 -02 2017;pedro;ON
Mon Dec 11 15:29:36 -02 2017;pedro;OFF
Mon Dec 11 15:32:41 -02 2017;pedro;ON
Mon Dec 11 15:34:13 -02 2017;pedro;OFF
Mon Dec 11 15:39:42 -02 2017;pedro;ON
Mon Dec 11 15:44:10 -02 2017;pedro;OFF
Mon Dec 11 15:48:12 -02 2017;pedro;ON
Mon Dec 11 15:50:56 -02 2017;pedro;OFF
Mon Dec 11 15:51:14 -02 2017;pedro;ON
Mon Dec 11 15:52:26 -02 2017;pedro;OFF
Mon Dec 11 15:56:48 -02 2017;lucas;OFF
Mon Dec 11 15:56:56 -02 2017;lucas;ON
Mon Dec 11 15:57:25 -02 2017;lucas.lemos;OFF
Mon Dec 11 15:57:33 -02 2017;lucas.lemos;ON
Mon Dec 11 16:00:56 -02 2017;lucas.lemos;ON
Mon Dec 11 16:01:43 -02 2017;lucas.lemos;OFF
Mon Dec 11 16:01:50 -02 2017;lucas.lemos;ON
Mon Dec 11 16:01:59 -02 2017;pedro;ON
Mon Dec 11 16:31:11 -02 2017;pedro;OFF
Mon Dec 11 16:31:18 -02 2017;pedro;ON
Mon Dec 11 16:52:06 -02 2017;lucastakahashi27%40outlook.com;OFF
Mon Dec 11 16:54:13 -02 2017;jhulia;ON
Mon Dec 11 16:55:07 -02 2017;jhulia;ON
Mon Dec 11 16:55:17 -02 2017;jhulia;ON
Mon Dec 11 16:55:25 -02 2017;jhulia;ON
Mon Dec 11 16:55:46 -02 2017;jhulia;ON
